app/build/intermediates/manifest_merge_blame_file/debug/manifest-merger-blame-debug-report.txt
1<?xml version="1.0" encoding="utf-8"?>
2<manifest xmlns:android="http://schemas.android.com/apk/res/android"
3    package="ir.letscodingandroid.android_mvi_architecture_playground"
4    android:versionCode="1"
5    android:versionName="1.0" >
6
7    <uses-sdk
8        android:minSdkVersion="21"
8-->src\main\AndroidManifest.xml
9        android:targetSdkVersion="33" />
9-->src\main\AndroidManifest.xml
10
11    <uses-permission android:name="android.permission.INTERNET" />
11-->src\main\AndroidManifest.xml:5:5-66
11-->src\main\AndroidManifest.xml:5:22-64
12
13    <permission
13-->[androidx.core:core:1.9.0] AndroidManifest.xml:22:5-24:47
14        android:name="ir.letscodingandroid.android_mvi_architecture_playground.DYNAMIC_RECEIVER_NOT_EXPORTED_PERMISSION"
14-->[androidx.core:core:1.9.0] AndroidManifest.xml:23:9-81
15        android:protectionLevel="signature" />
15-->[androidx.core:core:1.9.0] AndroidManifest.xml:24:9-44
16
17    <uses-permission android:name="ir.letscodingandroid.android_mvi_architecture_playground.DYNAMIC_RECEIVER_NOT_EXPORTED_PERMISSION" /> <!-- To store the heap dumps and leak analysis results. -->
17-->[androidx.core:core:1.9.0] AndroidManifest.xml:26:5-97
17-->[androidx.core:core:1.9.0] AndroidManifest.xml:26:22-94
18    <uses-permission android:name="android.permission.READ_EXTERNAL_STORAGE" />
18-->[com.squareup.leakcanary:leakcanary-android-core:2.9.1] AndroidManifest.xml:25:5-80
18-->[com.squareup.leakcanary:leakcanary-android-core:2.9.1] AndroidManifest.xml:25:22-77
19    <uses-permission android:name="android.permission.WRITE_EXTERNAL_STORAGE" /> <!-- To allow starting foreground services on Android P+ - https://developer.android.com/preview/behavior-changes#fg-svc -->
19-->[com.squareup.leakcanary:leakcanary-android-core:2.9.1] AndroidManifest.xml:26:5-81
19-->[com.squareup.leakcanary:leakcanary-android-core:2.9.1] AndroidManifest.xml:26:22-78
20    <uses-permission android:name="android.permission.FOREGROUND_SERVICE" />
20-->[com.squareup.leakcanary:leakcanary-android-core:2.9.1] AndroidManifest.xml:28:5-77
20-->[com.squareup.leakcanary:leakcanary-android-core:2.9.1] AndroidManifest.xml:28:22-74
21
22    <application
22-->src\main\AndroidManifest.xml:7:5-30:19
23        android:allowBackup="true"
23-->src\main\AndroidManifest.xml:8:9-35
24        android:appComponentFactory="androidx.core.app.CoreComponentFactory"
24-->[androidx.core:core:1.9.0] AndroidManifest.xml:28:18-86
25        android:dataExtractionRules="@xml/data_extraction_rules"
25-->src\main\AndroidManifest.xml:9:9-65
26        android:debuggable="true"
27        android:fullBackupContent="@xml/backup_rules"
27-->src\main\AndroidManifest.xml:10:9-54
28        android:icon="@mipmap/ic_launcher"
28-->src\main\AndroidManifest.xml:11:9-43
29        android:label="@string/app_name"
29-->src\main\AndroidManifest.xml:12:9-41
30        android:roundIcon="@mipmap/ic_launcher_round"
30-->src\main\AndroidManifest.xml:13:9-54
31        android:supportsRtl="true"
31-->src\main\AndroidManifest.xml:14:9-35
32        android:theme="@style/Theme.AndroidMVIArchitecturePlayground" >
32-->src\main\AndroidManifest.xml:15:9-70
33        <activity
33-->src\main\AndroidManifest.xml:17:9-29:20
34            android:name="ir.letscodingandroid.android_mvi_architecture_playground.ui.main.MainActivity"
34-->src\main\AndroidManifest.xml:18:13-49
35            android:exported="true" >
35-->src\main\AndroidManifest.xml:19:13-36
36            <intent-filter>
36-->src\main\AndroidManifest.xml:20:13-24:29
37                <action android:name="android.intent.action.MAIN" />
37-->src\main\AndroidManifest.xml:21:17-69
37-->src\main\AndroidManifest.xml:21:25-66
38
39                <category android:name="android.intent.category.LAUNCHER" />
39-->src\main\AndroidManifest.xml:23:17-77
39-->src\main\AndroidManifest.xml:23:27-74
40            </intent-filter>
41
42            <meta-data
42-->src\main\AndroidManifest.xml:26:13-28:36
43                android:name="android.app.lib_name"
43-->src\main\AndroidManifest.xml:27:17-52
44                android:value="" />
44-->src\main\AndroidManifest.xml:28:17-33
45        </activity>
46
47        <provider
47-->[androidx.emoji2:emoji2:1.2.0] AndroidManifest.xml:24:9-32:20
48            android:name="androidx.startup.InitializationProvider"
48-->[androidx.emoji2:emoji2:1.2.0] AndroidManifest.xml:25:13-67
49            android:authorities="ir.letscodingandroid.android_mvi_architecture_playground.androidx-startup"
49-->[androidx.emoji2:emoji2:1.2.0] AndroidManifest.xml:26:13-68
50            android:exported="false" >
50-->[androidx.emoji2:emoji2:1.2.0] AndroidManifest.xml:27:13-37
51            <meta-data
51-->[androidx.emoji2:emoji2:1.2.0] AndroidManifest.xml:29:13-31:52
52                android:name="androidx.emoji2.text.EmojiCompatInitializer"
52-->[androidx.emoji2:emoji2:1.2.0] AndroidManifest.xml:30:17-75
53                android:value="androidx.startup" />
53-->[androidx.emoji2:emoji2:1.2.0] AndroidManifest.xml:31:17-49
54            <meta-data
54-->[androidx.lifecycle:lifecycle-process:2.4.1] AndroidManifest.xml:31:13-33:52
55                android:name="androidx.lifecycle.ProcessLifecycleInitializer"
55-->[androidx.lifecycle:lifecycle-process:2.4.1] AndroidManifest.xml:32:17-78
56                android:value="androidx.startup" />
56-->[androidx.lifecycle:lifecycle-process:2.4.1] AndroidManifest.xml:33:17-49
57        </provider>
58        <provider
58-->[com.squareup.leakcanary:leakcanary-android-core:2.9.1] AndroidManifest.xml:31:9-39:20
59            android:name="leakcanary.internal.LeakCanaryFileProvider"
59-->[com.squareup.leakcanary:leakcanary-android-core:2.9.1] AndroidManifest.xml:32:13-70
60            android:authorities="com.squareup.leakcanary.fileprovider.ir.letscodingandroid.android_mvi_architecture_playground"
60-->[com.squareup.leakcanary:leakcanary-android-core:2.9.1] AndroidManifest.xml:33:13-88
61            android:exported="false"
61-->[com.squareup.leakcanary:leakcanary-android-core:2.9.1] AndroidManifest.xml:34:13-37
62            android:grantUriPermissions="true" >
62-->[com.squareup.leakcanary:leakcanary-android-core:2.9.1] AndroidManifest.xml:35:13-47
63            <meta-data
63-->[com.squareup.leakcanary:leakcanary-android-core:2.9.1] AndroidManifest.xml:36:13-38:66
64                android:name="android.support.FILE_PROVIDER_PATHS"
64-->[com.squareup.leakcanary:leakcanary-android-core:2.9.1] AndroidManifest.xml:37:17-67
65                android:resource="@xml/leak_canary_file_paths" />
65-->[com.squareup.leakcanary:leakcanary-android-core:2.9.1] AndroidManifest.xml:38:17-63
66        </provider>
67
68        <activity
68-->[com.squareup.leakcanary:leakcanary-android-core:2.9.1] AndroidManifest.xml:41:9-72:20
69            android:name="leakcanary.internal.activity.LeakActivity"
69-->[com.squareup.leakcanary:leakcanary-android-core:2.9.1] AndroidManifest.xml:42:13-69
70            android:exported="true"
70-->[com.squareup.leakcanary:leakcanary-android-core:2.9.1] AndroidManifest.xml:43:13-36
71            android:icon="@mipmap/leak_canary_icon"
71-->[com.squareup.leakcanary:leakcanary-android-core:2.9.1] AndroidManifest.xml:44:13-52
72            android:label="@string/leak_canary_display_activity_label"
72-->[com.squareup.leakcanary:leakcanary-android-core:2.9.1] AndroidManifest.xml:45:13-71
73            android:taskAffinity="com.squareup.leakcanary.ir.letscodingandroid.android_mvi_architecture_playground"
73-->[com.squareup.leakcanary:leakcanary-android-core:2.9.1] AndroidManifest.xml:46:13-76
74            android:theme="@style/leak_canary_LeakCanary.Base" >
74-->[com.squareup.leakcanary:leakcanary-android-core:2.9.1] AndroidManifest.xml:47:13-63
75            <intent-filter android:label="@string/leak_canary_import_hprof_file" >
75-->[com.squareup.leakcanary:leakcanary-android-core:2.9.1] AndroidManifest.xml:48:13-71:29
75-->[com.squareup.leakcanary:leakcanary-android-core:2.9.1] AndroidManifest.xml:48:28-81
76                <action android:name="android.intent.action.VIEW" />
76-->[com.squareup.leakcanary:leakcanary-android-core:2.9.1] AndroidManifest.xml:49:17-69
76-->[com.squareup.leakcanary:leakcanary-android-core:2.9.1] AndroidManifest.xml:49:25-66
77
78                <category android:name="android.intent.category.DEFAULT" />
78-->[com.squareup.leakcanary:leakcanary-android-core:2.9.1] AndroidManifest.xml:51:17-76
78-->[com.squareup.leakcanary:leakcanary-android-core:2.9.1] AndroidManifest.xml:51:27-73
79                <category android:name="android.intent.category.BROWSABLE" />
79-->[com.squareup.leakcanary:leakcanary-android-core:2.9.1] AndroidManifest.xml:52:17-78
79-->[com.squareup.leakcanary:leakcanary-android-core:2.9.1] AndroidManifest.xml:52:27-75
80
81                <data android:scheme="file" />
81-->[com.squareup.leakcanary:leakcanary-android-core:2.9.1] AndroidManifest.xml:54:17-47
81-->[com.squareup.leakcanary:leakcanary-android-core:2.9.1] AndroidManifest.xml:54:23-44
82                <data android:scheme="content" />
82-->[com.squareup.leakcanary:leakcanary-android-core:2.9.1] AndroidManifest.xml:54:17-47
82-->[com.squareup.leakcanary:leakcanary-android-core:2.9.1] AndroidManifest.xml:54:23-44
83                <data android:mimeType="*/*" />
83-->[com.squareup.leakcanary:leakcanary-android-core:2.9.1] AndroidManifest.xml:54:17-47
84                <data android:host="*" />
84-->[com.squareup.leakcanary:leakcanary-android-core:2.9.1] AndroidManifest.xml:54:17-47
85                <data android:pathPattern=".*\\.hprof" />
85-->[com.squareup.leakcanary:leakcanary-android-core:2.9.1] AndroidManifest.xml:54:17-47
86                <data android:pathPattern=".*\\..*\\.hprof" />
86-->[com.squareup.leakcanary:leakcanary-android-core:2.9.1] AndroidManifest.xml:54:17-47
87                <data android:pathPattern=".*\\..*\\..*\\.hprof" />
87-->[com.squareup.leakcanary:leakcanary-android-core:2.9.1] AndroidManifest.xml:54:17-47
88                <data android:pathPattern=".*\\..*\\..*\\..*\\.hprof" />
88-->[com.squareup.leakcanary:leakcanary-android-core:2.9.1] AndroidManifest.xml:54:17-47
89                <data android:pathPattern=".*\\..*\\..*\\..*\\..*\\.hprof" />
89-->[com.squareup.leakcanary:leakcanary-android-core:2.9.1] AndroidManifest.xml:54:17-47
90                <data android:pathPattern=".*\\..*\\..*\\..*\\..*\\..*\\.hprof" />
90-->[com.squareup.leakcanary:leakcanary-android-core:2.9.1] AndroidManifest.xml:54:17-47
91                <data android:pathPattern=".*\\..*\\..*\\..*\\..*\\..*\\..*\\.hprof" />
91-->[com.squareup.leakcanary:leakcanary-android-core:2.9.1] AndroidManifest.xml:54:17-47
92                <!--
93            Since hprof isn't a standard MIME type, we have to declare such patterns.
94            Most file providers will generate URIs including their own package name,
95            which contains `.` characters that must be explicitly escaped in pathPattern.
96            @see https://stackoverflow.com/a/31028507/703646
97                -->
98            </intent-filter>
99        </activity>
100
101        <activity-alias
101-->[com.squareup.leakcanary:leakcanary-android-core:2.9.1] AndroidManifest.xml:74:9-91:26
102            android:name="leakcanary.internal.activity.LeakLauncherActivity"
102-->[com.squareup.leakcanary:leakcanary-android-core:2.9.1] AndroidManifest.xml:75:13-77
103            android:banner="@drawable/leak_canary_tv_icon"
103-->[com.squareup.leakcanary:leakcanary-android-core:2.9.1] AndroidManifest.xml:76:13-59
104            android:enabled="@bool/leak_canary_add_launcher_icon"
104-->[com.squareup.leakcanary:leakcanary-android-core:2.9.1] AndroidManifest.xml:77:13-66
105            android:exported="true"
105-->[com.squareup.leakcanary:leakcanary-android-core:2.9.1] AndroidManifest.xml:78:13-36
106            android:icon="@mipmap/leak_canary_icon"
106-->[com.squareup.leakcanary:leakcanary-android-core:2.9.1] AndroidManifest.xml:79:13-52
107            android:label="@string/leak_canary_display_activity_label"
107-->[com.squareup.leakcanary:leakcanary-android-core:2.9.1] AndroidManifest.xml:80:13-71
108            android:targetActivity="leakcanary.internal.activity.LeakActivity"
108-->[com.squareup.leakcanary:leakcanary-android-core:2.9.1] AndroidManifest.xml:81:13-79
109            android:taskAffinity="com.squareup.leakcanary.ir.letscodingandroid.android_mvi_architecture_playground"
109-->[com.squareup.leakcanary:leakcanary-android-core:2.9.1] AndroidManifest.xml:82:13-76
110            android:theme="@style/leak_canary_LeakCanary.Base" >
110-->[com.squareup.leakcanary:leakcanary-android-core:2.9.1] AndroidManifest.xml:83:13-63
111            <intent-filter>
111-->[com.squareup.leakcanary:leakcanary-android-core:2.9.1] AndroidManifest.xml:84:13-90:29
112                <action android:name="android.intent.action.MAIN" />
112-->src\main\AndroidManifest.xml:21:17-69
112-->src\main\AndroidManifest.xml:21:25-66
113
114                <category android:name="android.intent.category.LAUNCHER" />
114-->src\main\AndroidManifest.xml:23:17-77
114-->src\main\AndroidManifest.xml:23:27-74
115                <!-- Android TV launcher intent -->
116                <category android:name="android.intent.category.LEANBACK_LAUNCHER" />
116-->[com.squareup.leakcanary:leakcanary-android-core:2.9.1] AndroidManifest.xml:89:17-86
116-->[com.squareup.leakcanary:leakcanary-android-core:2.9.1] AndroidManifest.xml:89:27-83
117            </intent-filter>
118        </activity-alias>
119
120        <activity
120-->[com.squareup.leakcanary:leakcanary-android-core:2.9.1] AndroidManifest.xml:93:9-99:68
121            android:name="leakcanary.internal.RequestStoragePermissionActivity"
121-->[com.squareup.leakcanary:leakcanary-android-core:2.9.1] AndroidManifest.xml:94:13-80
122            android:excludeFromRecents="true"
122-->[com.squareup.leakcanary:leakcanary-android-core:2.9.1] AndroidManifest.xml:95:13-46
123            android:icon="@mipmap/leak_canary_icon"
123-->[com.squareup.leakcanary:leakcanary-android-core:2.9.1] AndroidManifest.xml:96:13-52
124            android:label="@string/leak_canary_storage_permission_activity_label"
124-->[com.squareup.leakcanary:leakcanary-android-core:2.9.1] AndroidManifest.xml:97:13-82
125            android:taskAffinity="com.squareup.leakcanary.ir.letscodingandroid.android_mvi_architecture_playground"
125-->[com.squareup.leakcanary:leakcanary-android-core:2.9.1] AndroidManifest.xml:98:13-76
126            android:theme="@style/leak_canary_Theme.Transparent" />
126-->[com.squareup.leakcanary:leakcanary-android-core:2.9.1] AndroidManifest.xml:99:13-65
127
128        <receiver android:name="leakcanary.internal.NotificationReceiver" />
128-->[com.squareup.leakcanary:leakcanary-android-core:2.9.1] AndroidManifest.xml:101:9-77
128-->[com.squareup.leakcanary:leakcanary-android-core:2.9.1] AndroidManifest.xml:101:19-74
129
130        <provider
130-->[com.squareup.leakcanary:leakcanary-object-watcher-android:2.9.1] AndroidManifest.xml:8:9-12:40
131            android:name="leakcanary.internal.MainProcessAppWatcherInstaller"
131-->[com.squareup.leakcanary:leakcanary-object-watcher-android:2.9.1] AndroidManifest.xml:9:13-78
132            android:authorities="ir.letscodingandroid.android_mvi_architecture_playground.leakcanary-installer"
132-->[com.squareup.leakcanary:leakcanary-object-watcher-android:2.9.1] AndroidManifest.xml:10:13-72
133            android:enabled="@bool/leak_canary_watcher_auto_install"
133-->[com.squareup.leakcanary:leakcanary-object-watcher-android:2.9.1] AndroidManifest.xml:11:13-69
134            android:exported="false" />
134-->[com.squareup.leakcanary:leakcanary-object-watcher-android:2.9.1] AndroidManifest.xml:12:13-37
135        <provider
135-->[com.squareup.leakcanary:plumber-android:2.9.1] AndroidManifest.xml:8:9-12:40
136            android:name="leakcanary.internal.PlumberInstaller"
136-->[com.squareup.leakcanary:plumber-android:2.9.1] AndroidManifest.xml:9:13-64
137            android:authorities="ir.letscodingandroid.android_mvi_architecture_playground.plumber-installer"
137-->[com.squareup.leakcanary:plumber-android:2.9.1] AndroidManifest.xml:10:13-69
138            android:enabled="@bool/leak_canary_plumber_auto_install"
138-->[com.squareup.leakcanary:plumber-android:2.9.1] AndroidManifest.xml:11:13-69
139            android:exported="false" />
139-->[com.squareup.leakcanary:plumber-android:2.9.1] AndroidManifest.xml:12:13-37
140    </application>
141
142</manifest>